<?xml version="1.0" encoding="UTF-8"?>
<testng-results ignored="0" total="1" passed="1" failed="0" skipped="0">
  <reporter-output>
  </reporter-output>
  <suite started-at="2024-12-23T12:53:24 IST" name="Default suite" finished-at="2024-12-23T12:53:25 IST" duration-ms="200">
    <groups>
    </groups>
    <test started-at="2024-12-23T12:53:24 IST" name="Default test" finished-at="2024-12-23T12:53:25 IST" duration-ms="200">
      <class name="sample.Eg_1Test">
        <test-method signature="newTest()[pri:0, instance:sample.Eg_1Test@672872e1]" started-at="2024-12-23T12:53:25 IST" name="newTest" finished-at="2024-12-23T12:53:25 IST" duration-ms="41" status="PASS">
          <reporter-output>
          </reporter-output>
        </test-method> <!-- newTest -->
      </class> <!-- sample.Eg_1Test -->
    </test> <!-- Default test -->
  </suite> <!-- Default suite -->
</testng-results>
